<?xml version="1.0" encoding="UTF-8"?>
<!-- Generated by org.testng.reporters.JUnitReportReporter -->
<testsuite hostname="101lap12320" failures="0" tests="4" name="APIPackage.APITesting.PlaceCategory" time="0.653" errors="0" timestamp="2020-10-30T00:03:57 GMT+02:00" skipped="0">
  <testcase classname="APIPackage.APITesting.PlaceCategory" name="ValidateReponseCode" time="0.000"/>
  <system-out/>
  <testcase classname="APIPackage.APITesting.PlaceCategory" name="ValidateReponseTime" time="0.001"/>
  <system-out/>
  <testcase classname="APIPackage.APITesting.PlaceCategory" name="validateNumberOfPlaces" time="0.029"/>
  <system-out/>
  <testcase classname="APIPackage.APITesting.PlaceCategory" name="ValidateHostelCategoryIsExist" time="0.623"/>
  <system-out/>
</testsuite> <!-- APIPackage.APITesting.PlaceCategory -->
